<?xml version="1.0" encoding="UTF-8"?>
<testng-results ignored="0" total="1" passed="1" failed="0" skipped="0">
  <reporter-output>
  </reporter-output>
  <suite started-at="2023-11-10T05:01:56 IST" name="Default suite" finished-at="2023-11-10T05:02:18 IST" duration-ms="21538">
    <groups>
    </groups>
    <test started-at="2023-11-10T05:01:56 IST" name="Default test" finished-at="2023-11-10T05:02:18 IST" duration-ms="21538">
      <class name="org.sbtech.apidemosapk.runner.TestRunner">
        <test-method is-config="true" signature="reports()[pri:0, instance:org.sbtech.apidemosapk.runner.TestRunner@350aac89]" started-at="2023-11-10T05:01:55 IST" name="reports" finished-at="2023-11-10T05:01:56 IST" duration-ms="888" status="PASS">
          <reporter-output>
          </reporter-output>
        </test-method> <!-- reports -->
        <test-method is-config="true" signature="openApp(java.lang.reflect.Method)[pri:0, instance:org.sbtech.apidemosapk.runner.TestRunner@350aac89]" started-at="2023-11-10T05:01:56 IST" name="openApp" finished-at="2023-11-10T05:02:17 IST" duration-ms="20934" status="PASS">
          <params>
            <param index="0">
              <value>
                <![CDATA[public void org.sbtech.apidemosapk.runner.TestRunner.runner() throws java.lang.InterruptedException]]>
              </value>
            </param>
          </params>
          <reporter-output>
          </reporter-output>
        </test-method> <!-- openApp -->
        <test-method signature="runner()[pri:0, instance:org.sbtech.apidemosapk.runner.TestRunner@350aac89]" started-at="2023-11-10T05:02:17 IST" name="runner" finished-at="2023-11-10T05:02:17 IST" duration-ms="39" status="PASS">
          <reporter-output>
          </reporter-output>
        </test-method> <!-- runner -->
        <test-method is-config="true" signature="closure(org.testng.ITestResult,java.lang.reflect.Method)[pri:0, instance:org.sbtech.apidemosapk.runner.TestRunner@350aac89]" started-at="2023-11-10T05:02:17 IST" name="closure" finished-at="2023-11-10T05:02:18 IST" duration-ms="483" status="PASS">
          <params>
            <param index="0">
              <value>
                <![CDATA[[TestResult name=runner status=SUCCESS method=TestRunner.runner()[pri:0, instance:org.sbtech.apidemosapk.runner.TestRunner@350aac89] output={null}]]]>
              </value>
            </param>
            <param index="1">
              <value>
                <![CDATA[public void org.sbtech.apidemosapk.runner.TestRunner.runner() throws java.lang.InterruptedException]]>
              </value>
            </param>
          </params>
          <reporter-output>
          </reporter-output>
        </test-method> <!-- closure -->
        <test-method is-config="true" signature="tearDown()[pri:0, instance:org.sbtech.apidemosapk.runner.TestRunner@350aac89]" started-at="2023-11-10T05:02:18 IST" name="tearDown" finished-at="2023-11-10T05:02:20 IST" duration-ms="2117" status="PASS">
          <reporter-output>
          </reporter-output>
        </test-method> <!-- tearDown -->
      </class> <!-- org.sbtech.apidemosapk.runner.TestRunner -->
    </test> <!-- Default test -->
  </suite> <!-- Default suite -->
</testng-results>
